2023-12-23 11:39:46.131 [info] Extension host with pid 10410 started
2023-12-23 11:39:46.163 [info] ExtensionService#_doActivateExtension vscode.html-language-features, startup: false, activationEvent: 'onLanguage:html'
2023-12-23 11:39:46.164 [info] ExtensionService#_doActivateExtension vscode.emmet, startup: false, activationEvent: 'onLanguage'
2023-12-23 11:39:46.251 [info] Lock '/home/cesopti/.vscode-server/data/User/workspaceStorage/dd78fe0b82d94e1cd593d3c6b326fa06/vscode.lock': Lock acquired.
2023-12-23 11:39:46.630 [info] ExtensionService#_doActivateExtension vscode.git-base, startup: true, activationEvent: '*', root cause: vscode.git
2023-12-23 11:39:46.640 [info] ExtensionService#_doActivateExtension vscode.git, startup: true, activationEvent: '*'
2023-12-23 11:39:46.641 [info] ExtensionService#_doActivateExtension vscode.github, startup: true, activationEvent: '*'
2023-12-23 11:39:46.737 [info] Eager extensions activated
2023-12-23 11:39:46.737 [info] ExtensionService#_doActivateExtension vscode.debug-auto-launch, startup: false, activationEvent: 'onStartupFinished'
2023-12-23 11:39:46.738 [info] ExtensionService#_doActivateExtension vscode.merge-conflict, startup: false, activationEvent: 'onStartupFinished'
2023-12-23 11:39:46.738 [info] ExtensionService#_doActivateExtension ritwickdey.LiveServer, startup: false, activationEvent: 'onStartupFinished'
2023-12-23 11:39:46.886 [warning] [Decorations] CAPPING events from decorations provider vscode.git 6088
2023-12-23 11:39:47.283 [warning] [Decorations] CAPPING events from decorations provider vscode.git 6088
2023-12-23 11:39:48.257 [info] ExtensionService#_doActivateExtension vscode.tunnel-forwarding, startup: false, activationEvent: 'onTunnel'
2023-12-23 11:39:51.441 [warning] [Decorations] CAPPING events from decorations provider vscode.git 6088
2023-12-23 11:39:56.505 [warning] [Decorations] CAPPING events from decorations provider vscode.git 6088
2023-12-23 11:40:01.568 [warning] [Decorations] CAPPING events from decorations provider vscode.git 6088
2023-12-23 11:40:06.622 [warning] [Decorations] CAPPING events from decorations provider vscode.git 6088
2023-12-23 11:40:29.228 [warning] [Decorations] CAPPING events from decorations provider vscode.git 6088
2023-12-23 11:40:34.289 [warning] [Decorations] CAPPING events from decorations provider vscode.git 6088
2023-12-23 11:40:39.346 [warning] [Decorations] CAPPING events from decorations provider vscode.git 6088
2023-12-23 11:40:44.402 [warning] [Decorations] CAPPING events from decorations provider vscode.git 6088
2023-12-23 11:40:49.457 [warning] [Decorations] CAPPING events from decorations provider vscode.git 6088
2023-12-23 11:40:54.509 [warning] [Decorations] CAPPING events from decorations provider vscode.git 6088
2023-12-23 11:40:59.564 [warning] [Decorations] CAPPING events from decorations provider vscode.git 6088
2023-12-23 11:41:04.627 [warning] [Decorations] CAPPING events from decorations provider vscode.git 6088
2023-12-23 11:41:09.695 [warning] [Decorations] CAPPING events from decorations provider vscode.git 6088
2023-12-23 11:41:14.755 [warning] [Decorations] CAPPING events from decorations provider vscode.git 6088
2023-12-23 11:41:39.664 [warning] [Decorations] CAPPING events from decorations provider vscode.git 6088
2023-12-23 11:41:44.735 [warning] [Decorations] CAPPING events from decorations provider vscode.git 6090
