2023-12-23 11:39:46.814 [info] Log level: Info
2023-12-23 11:39:46.814 [info] Validating found git in: "git"
2023-12-23 11:39:46.814 [info] Using git "2.34.1" from "git"
2023-12-23 11:39:46.814 [info] > git rev-parse --show-toplevel [2ms]
2023-12-23 11:39:46.814 [info] > git rev-parse --git-dir --git-common-dir [3ms]
2023-12-23 11:39:46.814 [info] Open repository: /home/cesopti
2023-12-23 11:39:46.815 [info] > git config --get commit.template [3ms]
2023-12-23 11:39:46.816 [info] > git rev-parse --show-toplevel [2ms]
2023-12-23 11:39:46.822 [info] > git for-each-ref --format=%(refname)%00%(upstream:short)%00%(objectname)%00%(upstream:track)%00%(upstream:remotename)%00%(upstream:remoteref) refs/heads/master refs/remotes/master [3ms]
2023-12-23 11:39:46.826 [info] > git rev-parse --show-toplevel [5ms]
2023-12-23 11:39:46.829 [info] > git rev-parse --show-toplevel [0ms]
2023-12-23 11:39:46.842 [info] > git status -z -uall [17ms]
2023-12-23 11:39:47.202 [info] > git config --get commit.template [303ms]
2023-12-23 11:39:47.222 [info] > git for-each-ref --format=%(refname)%00%(upstream:short)%00%(objectname)%00%(upstream:track)%00%(upstream:remotename)%00%(upstream:remoteref) refs/heads/master refs/remotes/master [8ms]
2023-12-23 11:39:47.245 [info] > git status -z -uall [18ms]
2023-12-23 11:39:47.345 [info] > git check-ignore -v -z --stdin [9ms]
2023-12-23 11:39:47.345 [info] > git show --textconv :web.html [4ms]
2023-12-23 11:39:47.346 [info] > git ls-files --stage -- /home/cesopti/web.html [2ms]
2023-12-23 11:39:47.350 [info] > git cat-file -s 967296b7389a98f1c042641fc785b511f2442ff3 [1ms]
2023-12-23 11:39:51.391 [info] > git config --get commit.template [1ms]
2023-12-23 11:39:51.394 [info] > git for-each-ref --format=%(refname)%00%(upstream:short)%00%(objectname)%00%(upstream:track)%00%(upstream:remotename)%00%(upstream:remoteref) refs/heads/master refs/remotes/master [0ms]
2023-12-23 11:39:51.410 [info] > git status -z -uall [13ms]
2023-12-23 11:39:56.462 [info] > git config --get commit.template [0ms]
2023-12-23 11:39:56.466 [info] > git for-each-ref --format=%(refname)%00%(upstream:short)%00%(objectname)%00%(upstream:track)%00%(upstream:remotename)%00%(upstream:remoteref) refs/heads/master refs/remotes/master [1ms]
2023-12-23 11:39:56.480 [info] > git status -z -uall [12ms]
2023-12-23 11:40:01.519 [info] > git config --get commit.template [1ms]
2023-12-23 11:40:01.523 [info] > git for-each-ref --format=%(refname)%00%(upstream:short)%00%(objectname)%00%(upstream:track)%00%(upstream:remotename)%00%(upstream:remoteref) refs/heads/master refs/remotes/master [0ms]
2023-12-23 11:40:01.539 [info] > git status -z -uall [13ms]
2023-12-23 11:40:06.579 [info] > git config --get commit.template [1ms]
2023-12-23 11:40:06.583 [info] > git for-each-ref --format=%(refname)%00%(upstream:short)%00%(objectname)%00%(upstream:track)%00%(upstream:remotename)%00%(upstream:remoteref) refs/heads/master refs/remotes/master [1ms]
2023-12-23 11:40:06.599 [info] > git status -z -uall [12ms]
2023-12-23 11:40:29.181 [info] > git config --get commit.template [1ms]
2023-12-23 11:40:29.186 [info] > git for-each-ref --format=%(refname)%00%(upstream:short)%00%(objectname)%00%(upstream:track)%00%(upstream:remotename)%00%(upstream:remoteref) refs/heads/master refs/remotes/master [1ms]
2023-12-23 11:40:29.203 [info] > git status -z -uall [13ms]
2023-12-23 11:40:34.239 [info] > git config --get commit.template [0ms]
2023-12-23 11:40:34.243 [info] > git for-each-ref --format=%(refname)%00%(upstream:short)%00%(objectname)%00%(upstream:track)%00%(upstream:remotename)%00%(upstream:remoteref) refs/heads/master refs/remotes/master [1ms]
2023-12-23 11:40:34.260 [info] > git status -z -uall [14ms]
2023-12-23 11:40:39.300 [info] > git config --get commit.template [1ms]
2023-12-23 11:40:39.304 [info] > git for-each-ref --format=%(refname)%00%(upstream:short)%00%(objectname)%00%(upstream:track)%00%(upstream:remotename)%00%(upstream:remoteref) refs/heads/master refs/remotes/master [0ms]
2023-12-23 11:40:39.320 [info] > git status -z -uall [13ms]
2023-12-23 11:40:44.356 [info] > git config --get commit.template [0ms]
2023-12-23 11:40:44.360 [info] > git for-each-ref --format=%(refname)%00%(upstream:short)%00%(objectname)%00%(upstream:track)%00%(upstream:remotename)%00%(upstream:remoteref) refs/heads/master refs/remotes/master [0ms]
2023-12-23 11:40:44.375 [info] > git status -z -uall [8ms]
2023-12-23 11:40:49.416 [info] > git config --get commit.template [4ms]
2023-12-23 11:40:49.416 [info] > git for-each-ref --format=%(refname)%00%(upstream:short)%00%(objectname)%00%(upstream:track)%00%(upstream:remotename)%00%(upstream:remoteref) refs/heads/master refs/remotes/master [1ms]
2023-12-23 11:40:49.433 [info] > git status -z -uall [12ms]
2023-12-23 11:40:54.469 [info] > git config --get commit.template [3ms]
2023-12-23 11:40:54.470 [info] > git for-each-ref --format=%(refname)%00%(upstream:short)%00%(objectname)%00%(upstream:track)%00%(upstream:remotename)%00%(upstream:remoteref) refs/heads/master refs/remotes/master [1ms]
2023-12-23 11:40:54.485 [info] > git status -z -uall [12ms]
2023-12-23 11:40:59.520 [info] > git config --get commit.template [1ms]
2023-12-23 11:40:59.524 [info] > git for-each-ref --format=%(refname)%00%(upstream:short)%00%(objectname)%00%(upstream:track)%00%(upstream:remotename)%00%(upstream:remoteref) refs/heads/master refs/remotes/master [1ms]
2023-12-23 11:40:59.539 [info] > git status -z -uall [12ms]
2023-12-23 11:41:04.579 [info] > git for-each-ref --format=%(refname)%00%(upstream:short)%00%(objectname)%00%(upstream:track)%00%(upstream:remotename)%00%(upstream:remoteref) refs/heads/master refs/remotes/master [0ms]
2023-12-23 11:41:04.579 [info] > git config --get commit.template [5ms]
2023-12-23 11:41:04.597 [info] > git status -z -uall [14ms]
2023-12-23 11:41:09.645 [info] > git config --get commit.template [8ms]
2023-12-23 11:41:09.646 [info] > git for-each-ref --format=%(refname)%00%(upstream:short)%00%(objectname)%00%(upstream:track)%00%(upstream:remotename)%00%(upstream:remoteref) refs/heads/master refs/remotes/master [0ms]
2023-12-23 11:41:09.667 [info] > git status -z -uall [14ms]
2023-12-23 11:41:14.706 [info] > git config --get commit.template [0ms]
2023-12-23 11:41:14.711 [info] > git for-each-ref --format=%(refname)%00%(upstream:short)%00%(objectname)%00%(upstream:track)%00%(upstream:remotename)%00%(upstream:remoteref) refs/heads/master refs/remotes/master [0ms]
2023-12-23 11:41:14.730 [info] > git status -z -uall [13ms]
2023-12-23 11:41:39.605 [info] > git config --get commit.template [0ms]
2023-12-23 11:41:39.610 [info] > git for-each-ref --format=%(refname)%00%(upstream:short)%00%(objectname)%00%(upstream:track)%00%(upstream:remotename)%00%(upstream:remoteref) refs/heads/master refs/remotes/master [1ms]
2023-12-23 11:41:39.631 [info] > git status -z -uall [17ms]
2023-12-23 11:41:44.677 [info] > git config --get commit.template [1ms]
2023-12-23 11:41:44.681 [info] > git for-each-ref --format=%(refname)%00%(upstream:short)%00%(objectname)%00%(upstream:track)%00%(upstream:remotename)%00%(upstream:remoteref) refs/heads/master refs/remotes/master [1ms]
2023-12-23 11:41:44.699 [info] > git status -z -uall [14ms]
